30 Event with ID 21j53tmm7u7jhisu7uoa4024lg deleted successfully.
29 Event with ID 4e0bk1it2l1a366uv2qqjstgds deleted successfully.
28 Event with ID 5do7q0he680ju81lg0f62admno deleted successfully.
27 Event with ID lctrmucc4pth2urkr6n717h2f4 deleted successfully.
26 Event with ID 2eh7oup90ior8iknd8l1mdf8co deleted successfully.
25 Event with ID 5no6o4tevasmp9ai27u9p8bba0 deleted successfully.
24 Event with ID hi369ligf4o55vl65jdbd302bc deleted successfully.
23 Event with ID 1cmgjc7plon88eo4m1idr25fgs deleted successfully.
22 Event with ID ti5ka8360rnvpe3poh8ed14pm8 deleted successfully.
21 Event with ID od783ckt78b4p6sgrq024711ko deleted successfully.
20 Event with ID qrjqd43s31taolthdid3vshdmo deleted successfully.
19 Event with ID rr4gcdiviaban2g21bui1cmg2o deleted successfully.
18 Event with ID m9249262h3sctvn3kcbv19i6nk deleted successfully.
17 Event with ID akahs5ilcub0ghivaaqq6n8c0g deleted successfully.
16 Event with ID 8omp20rvgdso0edb9b0qqvlro0 deleted successfully.
15 Event with ID cf9opa1qb4j7hgg1fs3n0l7h40 deleted successfully.
14 Event with ID c0k27jt2nte14fb102eaqor7pc deleted successfully.
13 Event with ID q8dq8vcejdfpf33sboa7esmjvk deleted successfully.
12 Event with ID 4drokk70isoqtnj8chscja4h30 deleted successfully.
11 Event with ID l0fr6ja2iaobh2hi169b0eo5ag deleted successfully.
10 Event with ID le69tj6jettjvv14t6at8uq6oc deleted successfully.
9 Event with ID 29sn2thnelod5nr4bjlgrbo41o deleted successfully.
8 Event with ID rh8vktdc5bm1s1t9c3jp0lrsrc deleted successfully.
7 Event with ID vprllbdusjq8ldnghmq475vrjs deleted successfully.
6 Event with ID 8hlgnckan7p2pq0fkhrf9o3de4 deleted successfully.
5 Event with ID 0s01jgfmkkcdjoahrerdt3qrlg deleted successfully.
4 Event with ID h2893csn0orbm8gcr5s82ifnmo deleted successfully.
3 Event with ID 3htafr43jo68moonda8punps1k deleted successfully.
2 Event with ID h3npfk0227qg03olb40qkbuln0 deleted successfully.
1 Event with ID 0sjbpvm5sf0cg9mui9689b0ln8 deleted successfully.
Event created: SURFACE
Event created: SURFACE
Event created: SURFACE
Event created: SURFACE
Event created: SURFACE
Event created: PT-B/F
Event created: SURFACE
Event created: SURFACE
Event created: SURFACE
Event created: MEETING
Event created: PT-B/F
Event created: SURFACE
Event created: SURFACE
Event created: PT-B/F
Event created: PT-B/F
Event created: PT-B/F
Event created: SURFACE
Event created: SURFACE
Event created: SURFACE
Event created: SURFACE
Event created: STAFF
Event created: SURFACE
Event created: SURFACE
Event created: SURFACE
Event created: SURFACE
Event created: SURFACE
Event created: PT-B/F
Event created: PT-B/F
Event created: SURFACE
Event created: SURFACE
30 Event with ID p2d78d8jea6okd5uliabbi5v9o deleted successfully.
29 Event with ID 1fr1aoasmsr1tmbj42u3a14s0o deleted successfully.
28 Event with ID gtfgub5nj4jcaij1vrhpjrbr6o deleted successfully.
27 Event with ID 4g8bdthjuuuji8pg69fdfhu68c deleted successfully.
26 Event with ID lg3f7i9akf83qn0mc1pjlms5u0 deleted successfully.
25 Event with ID verdjcvief9jltlegcbam783g8 deleted successfully.
24 Event with ID 7aen5sh6l3b311sm393qea5ps4 deleted successfully.
23 Event with ID t1ohoih0e1m8862o9n70o3b104 deleted successfully.
22 Event with ID 3q56nmnfjnlhkc66cvqnef207k deleted successfully.
21 Event with ID e8h8c0nl9fvjkmj5i8jujp8ag0 deleted successfully.
20 Event with ID bt9n6ocudhrfmlvk5c60tjjeco deleted successfully.
19 Event with ID ud27s1krkl7lu8ti29k7j4labs deleted successfully.
18 Event with ID a34st2issvc31tn3hqkb84vkig deleted successfully.
17 Event with ID kncr14j68vn64ej823sr69468g deleted successfully.
16 Event with ID f5hcll0snptkfkgv4qc1g3dfqo deleted successfully.
15 Event with ID tbatgq4ceod3o6ojj3pquvk77o deleted successfully.
14 Event with ID fomhlrevhtdms76ilbs8414lnk deleted successfully.
13 Event with ID 5m7dinfolbh1o3c5c2pjgfh8lo deleted successfully.
12 Event with ID 7emun7phd75hslg65l2pt56gb4 deleted successfully.
11 Event with ID 5kgojcfhdqh9armph9a41vc5gk deleted successfully.
10 Event with ID s69f3d5i3vn3fok2i9i6p2ud78 deleted successfully.
9 Event with ID psgt4kn2gnu492sjmroge6fq74 deleted successfully.
8 Event with ID 4osj94gk7bjo33qlm3i21bfm78 deleted successfully.
7 Event with ID loqoc0vjgiil1lamoto2t0nquc deleted successfully.
6 Event with ID iidlb2a2rg4h61m77tdp1ckh7o deleted successfully.
5 Event with ID qgr2390bp9lpjll0i121h9m0os deleted successfully.
4 Event with ID l496oncs71d0tce8jd79bu0jd4 deleted successfully.
3 Event with ID j68ru9ielb1a93jrtbmt7phrkc deleted successfully.
2 Event with ID 1e5i4n4bc2md127jb5n3kqs5l4 deleted successfully.
1 Event with ID 5g2n86k9f6kbrralasf7molph0 deleted successfully.
Event created: SURFACE
Event created: SURFACE
Event created: SURFACE
Event created: SURFACE
Event created: SURFACE
Event created: PT-B/F
Event created: SURFACE
Event created: SURFACE
Event created: SURFACE
Event created: MEETING
Event created: PT-B/F
Event created: SURFACE
Event created: SURFACE
Event created: PT-B/F
Event created: PT-B/F
Event created: PT-B/F
Event created: SURFACE
Event created: SURFACE
Event created: SURFACE
Event created: SURFACE
Event created: STAFF
Event created: SURFACE
Event created: SURFACE
Event created: SURFACE
Event created: SURFACE
Event created: SURFACE
Event created: PT-B/F
Event created: PT-B/F
Event created: SURFACE
Event created: SURFACE
